# JRE version: OpenJDK Runtime Environment Temurin-21.0.11+10 (21.0.11+10) (build 21.0.11+10-LTS)
# Java VM: OpenJDK 64-Bit Server VM Temurin-21.0.11+10 (21.0.11+10-LTS, mixed mode, sharing, tiered, compressed oops, compressed class ptrs, parallel gc, windows-amd64)
GC Precious Log:
 CardTable entry size: 512
 CPUs: 12 total, 12 available
 Memory: 14063M
 Large Page Support: Disabled
 NUMA Support: Disabled
 Compressed Oops: Enabled (32-bit)
 Alignments: Space 512K, Generation 512K, Heap 2M
 Heap Min Capacity: 100M
 Heap Initial Capacity: 100M
 Heap Max Capacity: 2G
 Pre-touch: Disabled
 Parallel Workers: 10
Heap:
 PSYoungGen      total 3072K, used 2514K [0x00000000d5580000, 0x00000000d5980000, 0x0000000100000000)
  eden space 2048K, 77% used [0x00000000d5580000,0x00000000d570c998,0x00000000d5780000)
  from space 1024K, 90% used [0x00000000d5780000,0x00000000d5868000,0x00000000d5880000)
  to   space 1024K, 0% used [0x00000000d5880000,0x00000000d5880000,0x00000000d5980000)
 ParOldGen       total 803840K, used 116900K [0x0000000080000000, 0x00000000b1100000, 0x00000000d5580000)
  object space 803840K, 14% used [0x0000000080000000,0x00000000872292a8,0x00000000b1100000)
 Metaspace       used 71541K, committed 73152K, reserved 1114112K
  class space    used 7230K, committed 8000K, reserved 1048576K
GC Heap History (20 events):
Event: 3334.237 GC heap before
{Heap before GC invocations=1051 (full 4):
 PSYoungGen      total 3072K, used 2999K [0x00000000d5580000, 0x00000000d5980000, 0x0000000100000000)
  eden space 2048K, 99% used [0x00000000d5580000,0x00000000d577fff8,0x00000000d5780000)
  from space 1024K, 92% used [0x00000000d5880000,0x00000000d596dd10,0x00000000d5980000)
  to   space 1024K, 0% used [0x00000000d5780000,0x00000000d5780000,0x00000000d5880000)
 ParOldGen       total 803840K, used 108466K [0x0000000080000000, 0x00000000b1100000, 0x00000000d5580000)
  object space 803840K, 13% used [0x0000000080000000,0x00000000869ecbe0,0x00000000b1100000)
 Metaspace       used 71495K, committed 73088K, reserved 1114112K
  class space    used 7229K, committed 8000K, reserved 1048576K
}
Event: 3334.238 GC heap after
{Heap after GC invocations=1051 (full 4):
 PSYoungGen      total 3072K, used 832K [0x00000000d5580000, 0x00000000d5980000, 0x0000000100000000)
  eden space 2048K, 0% used [0x00000000d5580000,0x00000000d5580000,0x00000000d5780000)
  from space 1024K, 81% used [0x00000000d5780000,0x00000000d5850000,0x00000000d5880000)
  to   space 1024K, 0% used [0x00000000d5880000,0x00000000d5880000,0x00000000d5980000)
 ParOldGen       total 803840K, used 109102K [0x0000000080000000, 0x00000000b1100000, 0x00000000d5580000)
  object space 803840K, 13% used [0x0000000080000000,0x0000000086a8bb38,0x00000000b1100000)
 Metaspace       used 71495K, committed 73088K, reserved 1114112K
  class space    used 7229K, committed 8000K, reserved 1048576K
}
Event: 3334.247 GC heap before
{Heap before GC invocations=1052 (full 4):
 PSYoungGen      total 3072K, used 2879K [0x00000000d5580000, 0x00000000d5980000, 0x0000000100000000)
  eden space 2048K, 99% used [0x00000000d5580000,0x00000000d577fff8,0x00000000d5780000)
  from space 1024K, 81% used [0x00000000d5780000,0x00000000d5850000,0x00000000d5880000)
  to   space 1024K, 0% used [0x00000000d5880000,0x00000000d5880000,0x00000000d5980000)
 ParOldGen       total 803840K, used 109102K [0x0000000080000000, 0x00000000b1100000, 0x00000000d5580000)
  object space 803840K, 13% used [0x0000000080000000,0x0000000086a8bb38,0x00000000b1100000)
 Metaspace       used 71495K, committed 73088K, reserved 1114112K
  class space    used 7229K, committed 8000K, reserved 1048576K
}
Event: 3334.248 GC heap after
{Heap after GC invocations=1052 (full 4):
 PSYoungGen      total 3072K, used 704K [0x00000000d5580000, 0x00000000d5980000, 0x0000000100000000)
  eden space 2048K, 0% used [0x00000000d5580000,0x00000000d5580000,0x00000000d5780000)
  from space 1024K, 68% used [0x00000000d5880000,0x00000000d5930000,0x00000000d5980000)
  to   space 1024K, 0% used [0x00000000d5780000,0x00000000d5780000,0x00000000d5880000)
 ParOldGen       total 803840K, used 109830K [0x0000000080000000, 0x00000000b1100000, 0x00000000d5580000)
  object space 803840K, 13% used [0x0000000080000000,0x0000000086b41ab0,0x00000000b1100000)
 Metaspace       used 71495K, committed 73088K, reserved 1114112K
  class space    used 7229K, committed 8000K, reserved 1048576K
}
Event: 3334.262 GC heap before
{Heap before GC invocations=1053 (full 4):
 PSYoungGen      total 3072K, used 2752K [0x00000000d5580000, 0x00000000d5980000, 0x0000000100000000)
  eden space 2048K, 100% used [0x00000000d5580000,0x00000000d5780000,0x00000000d5780000)
  from space 1024K, 68% used [0x00000000d5880000,0x00000000d5930000,0x00000000d5980000)
  to   space 1024K, 0% used [0x00000000d5780000,0x00000000d5780000,0x00000000d5880000)
 ParOldGen       total 803840K, used 109830K [0x0000000080000000, 0x00000000b1100000, 0x00000000d5580000)
  object space 803840K, 13% used [0x0000000080000000,0x0000000086b41ab0,0x00000000b1100000)
 Metaspace       used 71506K, committed 73088K, reserved 1114112K
  class space    used 7229K, committed 8000K, reserved 1048576K
}
Event: 3334.263 GC heap after
{Heap after GC invocations=1053 (full 4):
 PSYoungGen      total 3072K, used 808K [0x00000000d5580000, 0x00000000d5980000, 0x0000000100000000)
  eden space 2048K, 0% used [0x00000000d5580000,0x00000000d5580000,0x00000000d5780000)
  from space 1024K, 78% used [0x00000000d5780000,0x00000000d584a230,0x00000000d5880000)
  to   space 1024K, 0% used [0x00000000d5880000,0x00000000d5880000,0x00000000d5980000)
 ParOldGen       total 803840K, used 110430K [0x0000000080000000, 0x00000000b1100000, 0x00000000d5580000)
  object space 803840K, 13% used [0x0000000080000000,0x0000000086bd7ab0,0x00000000b1100000)
 Metaspace       used 71506K, committed 73088K, reserved 1114112K
  class space    used 7229K, committed 8000K, reserved 1048576K
}
Event: 3334.269 GC heap before
{Heap before GC invocations=1054 (full 4):
 PSYoungGen      total 3072K, used 2856K [0x00000000d5580000, 0x00000000d5980000, 0x0000000100000000)
  eden space 2048K, 100% used [0x00000000d5580000,0x00000000d5780000,0x00000000d5780000)
  from space 1024K, 78% used [0x00000000d5780000,0x00000000d584a230,0x00000000d5880000)
  to   space 1024K, 0% used [0x00000000d5880000,0x00000000d5880000,0x00000000d5980000)
 ParOldGen       total 803840K, used 110430K [0x0000000080000000, 0x00000000b1100000, 0x00000000d5580000)
  object space 803840K, 13% used [0x0000000080000000,0x0000000086bd7ab0,0x00000000b1100000)
 Metaspace       used 71506K, committed 73088K, reserved 1114112K
  class space    used 7229K, committed 8000K, reserved 1048576K
}
Event: 3334.270 GC heap after
{Heap after GC invocations=1054 (full 4):
 PSYoungGen      total 3072K, used 896K [0x00000000d5580000, 0x00000000d5980000, 0x0000000100000000)
  eden space 2048K, 0% used [0x00000000d5580000,0x00000000d5580000,0x00000000d5780000)
  from space 1024K, 87% used [0x00000000d5880000,0x00000000d5960000,0x00000000d5980000)
  to   space 1024K, 0% used [0x00000000d5780000,0x00000000d5780000,0x00000000d5880000)
 ParOldGen       total 803840K, used 111079K [0x0000000080000000, 0x00000000b1100000, 0x00000000d5580000)
  object space 803840K, 13% used [0x0000000080000000,0x0000000086c79d60,0x00000000b1100000)
 Metaspace       used 71506K, committed 73088K, reserved 1114112K
  class space    used 7229K, committed 8000K, reserved 1048576K
}
Event: 3334.279 GC heap before
{Heap before GC invocations=1055 (full 4):
 PSYoungGen      total 3072K, used 2944K [0x00000000d5580000, 0x00000000d5980000, 0x0000000100000000)
  eden space 2048K, 100% used [0x00000000d5580000,0x00000000d5780000,0x00000000d5780000)
  from space 1024K, 87% used [0x00000000d5880000,0x00000000d5960000,0x00000000d5980000)
  to   space 1024K, 0% used [0x00000000d5780000,0x00000000d5780000,0x00000000d5880000)
 ParOldGen       total 803840K, used 111079K [0x0000000080000000, 0x00000000b1100000, 0x00000000d5580000)
  object space 803840K, 13% used [0x0000000080000000,0x0000000086c79d60,0x00000000b1100000)
 Metaspace       used 71512K, committed 73088K, reserved 1114112K
  class space    used 7229K, committed 8000K, reserved 1048576K
}
Event: 3334.280 GC heap after
{Heap after GC invocations=1055 (full 4):
 PSYoungGen      total 3072K, used 672K [0x00000000d5580000, 0x00000000d5980000, 0x0000000100000000)
  eden space 2048K, 0% used [0x00000000d5580000,0x00000000d5580000,0x00000000d5780000)
  from space 1024K, 65% used [0x00000000d5780000,0x00000000d5828000,0x00000000d5880000)
  to   space 1024K, 0% used [0x00000000d5880000,0x00000000d5880000,0x00000000d5980000)
 ParOldGen       total 803840K, used 111828K [0x0000000080000000, 0x00000000b1100000, 0x00000000d5580000)
  object space 803840K, 13% used [0x0000000080000000,0x0000000086d353d8,0x00000000b1100000)
 Metaspace       used 71512K, committed 73088K, reserved 1114112K
  class space    used 7229K, committed 8000K, reserved 1048576K
}
Event: 3334.295 GC heap before
{Heap before GC invocations=1056 (full 4):
 PSYoungGen      total 3072K, used 2720K [0x00000000d5580000, 0x00000000d5980000, 0x0000000100000000)
  eden space 2048K, 100% used [0x00000000d5580000,0x00000000d5780000,0x00000000d5780000)
  from space 1024K, 65% used [0x00000000d5780000,0x00000000d5828000,0x00000000d5880000)
  to   space 1024K, 0% used [0x00000000d5880000,0x00000000d5880000,0x00000000d5980000)
 ParOldGen       total 803840K, used 111828K [0x0000000080000000, 0x00000000b1100000, 0x00000000d5580000)
  object space 803840K, 13% used [0x0000000080000000,0x0000000086d353d8,0x00000000b1100000)
 Metaspace       used 71520K, committed 73088K, reserved 1114112K
  class space    used 7229K, committed 8000K, reserved 1048576K
}
Event: 3334.297 GC heap after
{Heap after GC invocations=1056 (full 4):
 PSYoungGen      total 3072K, used 800K [0x00000000d5580000, 0x00000000d5980000, 0x0000000100000000)
  eden space 2048K, 0% used [0x00000000d5580000,0x00000000d5580000,0x00000000d5780000)
  from space 1024K, 78% used [0x00000000d5880000,0x00000000d5948000,0x00000000d5980000)
  to   space 1024K, 0% used [0x00000000d5780000,0x00000000d5780000,0x00000000d5880000)
 ParOldGen       total 803840K, used 112424K [0x0000000080000000, 0x00000000b1100000, 0x00000000d5580000)
  object space 803840K, 13% used [0x0000000080000000,0x0000000086dca0d8,0x00000000b1100000)
 Metaspace       used 71520K, committed 73088K, reserved 1114112K
  class space    used 7229K, committed 8000K, reserved 1048576K
}
Event: 3334.304 GC heap before
{Heap before GC invocations=1057 (full 4):
 PSYoungGen      total 3072K, used 2848K [0x00000000d5580000, 0x00000000d5980000, 0x0000000100000000)
  eden space 2048K, 100% used [0x00000000d5580000,0x00000000d5780000,0x00000000d5780000)
  from space 1024K, 78% used [0x00000000d5880000,0x00000000d5948000,0x00000000d5980000)
  to   space 1024K, 0% used [0x00000000d5780000,0x00000000d5780000,0x00000000d5880000)
 ParOldGen       total 803840K, used 112424K [0x0000000080000000, 0x00000000b1100000, 0x00000000d5580000)
  object space 803840K, 13% used [0x0000000080000000,0x0000000086dca0d8,0x00000000b1100000)
 Metaspace       used 71522K, committed 73088K, reserved 1114112K
  class space    used 7229K, committed 8000K, reserved 1048576K
}
Event: 3334.305 GC heap after
{Heap after GC invocations=1057 (full 4):
 PSYoungGen      total 3072K, used 880K [0x00000000d5580000, 0x00000000d5980000, 0x0000000100000000)
  eden space 2048K, 0% used [0x00000000d5580000,0x00000000d5580000,0x00000000d5780000)
  from space 1024K, 85% used [0x00000000d5780000,0x00000000d585c010,0x00000000d5880000)
  to   space 1024K, 0% used [0x00000000d5880000,0x00000000d5880000,0x00000000d5980000)
 ParOldGen       total 803840K, used 112970K [0x0000000080000000, 0x00000000b1100000, 0x00000000d5580000)
  object space 803840K, 14% used [0x0000000080000000,0x0000000086e529a8,0x00000000b1100000)
 Metaspace       used 71522K, committed 73088K, reserved 1114112K
  class space    used 7229K, committed 8000K, reserved 1048576K
}
Event: 3334.315 GC heap before
{Heap before GC invocations=1058 (full 4):
 PSYoungGen      total 3072K, used 2928K [0x00000000d5580000, 0x00000000d5980000, 0x0000000100000000)
  eden space 2048K, 100% used [0x00000000d5580000,0x00000000d5780000,0x00000000d5780000)
  from space 1024K, 85% used [0x00000000d5780000,0x00000000d585c010,0x00000000d5880000)
  to   space 1024K, 0% used [0x00000000d5880000,0x00000000d5880000,0x00000000d5980000)
 ParOldGen       total 803840K, used 112970K [0x0000000080000000, 0x00000000b1100000, 0x00000000d5580000)
  object space 803840K, 14% used [0x0000000080000000,0x0000000086e529a8,0x00000000b1100000)
 Metaspace       used 71533K, committed 73152K, reserved 1114112K
  class space    used 7229K, committed 8000K, reserved 1048576K
}
Event: 3334.316 GC heap after
{Heap after GC invocations=1058 (full 4):
 PSYoungGen      total 3072K, used 672K [0x00000000d5580000, 0x00000000d5980000, 0x0000000100000000)
  eden space 2048K, 0% used [0x00000000d5580000,0x00000000d5580000,0x00000000d5780000)
  from space 1024K, 65% used [0x00000000d5880000,0x00000000d5928000,0x00000000d5980000)
  to   space 1024K, 0% used [0x00000000d5780000,0x00000000d5780000,0x00000000d5880000)
 ParOldGen       total 803840K, used 113760K [0x0000000080000000, 0x00000000b1100000, 0x00000000d5580000)
  object space 803840K, 14% used [0x0000000080000000,0x0000000086f18020,0x00000000b1100000)
 Metaspace       used 71533K, committed 73152K, reserved 1114112K
  class space    used 7229K, committed 8000K, reserved 1048576K
}
Event: 3334.331 GC heap before
{Heap before GC invocations=1059 (full 4):
 PSYoungGen      total 3072K, used 2705K [0x00000000d5580000, 0x00000000d5980000, 0x0000000100000000)
  eden space 2048K, 99% used [0x00000000d5580000,0x00000000d577c438,0x00000000d5780000)
  from space 1024K, 65% used [0x00000000d5880000,0x00000000d5928000,0x00000000d5980000)
  to   space 1024K, 0% used [0x00000000d5780000,0x00000000d5780000,0x00000000d5880000)
 ParOldGen       total 803840K, used 113760K [0x0000000080000000, 0x00000000b1100000, 0x00000000d5580000)
  object space 803840K, 14% used [0x0000000080000000,0x0000000086f18020,0x00000000b1100000)
 Metaspace       used 71533K, committed 73152K, reserved 1114112K
  class space    used 7229K, committed 8000K, reserved 1048576K
}
Event: 3334.332 GC heap after
{Heap after GC invocations=1059 (full 4):
 PSYoungGen      total 3072K, used 657K [0x00000000d5580000, 0x00000000d5980000, 0x0000000100000000)
  eden space 2048K, 0% used [0x00000000d5580000,0x00000000d5580000,0x00000000d5780000)
  from space 1024K, 64% used [0x00000000d5780000,0x00000000d5824540,0x00000000d5880000)
  to   space 1024K, 0% used [0x00000000d5880000,0x00000000d5880000,0x00000000d5980000)
 ParOldGen       total 803840K, used 114371K [0x0000000080000000, 0x00000000b1100000, 0x00000000d5580000)
  object space 803840K, 14% used [0x0000000080000000,0x0000000086fb0d20,0x00000000b1100000)
 Metaspace       used 71533K, committed 73152K, reserved 1114112K
  class space    used 7229K, committed 8000K, reserved 1048576K
}
Event: 3334.341 GC heap before
{Heap before GC invocations=1060 (full 4):
 PSYoungGen      total 3072K, used 2705K [0x00000000d5580000, 0x00000000d5980000, 0x0000000100000000)
  eden space 2048K, 100% used [0x00000000d5580000,0x00000000d5780000,0x00000000d5780000)
  from space 1024K, 64% used [0x00000000d5780000,0x00000000d5824540,0x00000000d5880000)
  to   space 1024K, 0% used [0x00000000d5880000,0x00000000d5880000,0x00000000d5980000)
 ParOldGen       total 803840K, used 114371K [0x0000000080000000, 0x00000000b1100000, 0x00000000d5580000)
  object space 803840K, 14% used [0x0000000080000000,0x0000000086fb0d20,0x00000000b1100000)
 Metaspace       used 71535K, committed 73152K, reserved 1114112K
  class space    used 7230K, committed 8000K, reserved 1048576K
}
Event: 3334.342 GC heap after
{Heap after GC invocations=1060 (full 4):
 PSYoungGen      total 3072K, used 896K [0x00000000d5580000, 0x00000000d5980000, 0x0000000100000000)
  eden space 2048K, 0% used [0x00000000d5580000,0x00000000d5580000,0x00000000d5780000)
  from space 1024K, 87% used [0x00000000d5880000,0x00000000d5960000,0x00000000d5980000)
  to   space 1024K, 0% used [0x00000000d5780000,0x00000000d5780000,0x00000000d5880000)
 ParOldGen       total 803840K, used 114887K [0x0000000080000000, 0x00000000b1100000, 0x00000000d5580000)
  object space 803840K, 14% used [0x0000000080000000,0x0000000087031c98,0x00000000b1100000)
 Metaspace       used 71535K, committed 73152K, reserved 1114112K
  class space    used 7230K, committed 8000K, reserved 1048576K
}

